<?xml version="1.0" encoding="UTF-8"?>
<!-- Generated by org.testng.reporters.JUnitReportReporter -->
<testsuite hostname="MKD-CORP-BCP112" failures="0" tests="1" name="com.cyient.base.FindCruise" time="34.862" errors="0" timestamp="2021-06-09T10:02:48 IST" skipped="0">
  <testcase classname="com.cyient.base.FindCruise" name="findCruise" time="34.862"/>
  <system-out/>
</testsuite> <!-- com.cyient.base.FindCruise -->
